  [1m[35m (244.3ms)[0m  [1m[35mCREATE DATABASE "todos_development" ENCODING = 'unicode'[0m
  ↳ bin/rails:9
  [1m[35m (94.9ms)[0m  [1m[35mCREATE DATABASE "todos_test" ENCODING = 'unicode'[0m
  ↳ bin/rails:9
  [1m[35m (23.7ms)[0m  [1m[35mCREATE TABLE "schema_migrations" ("version" character varying NOT NULL PRIMARY KEY)[0m
  ↳ bin/rails:9
  [1m[35m (40.7ms)[0m  [1m[35mCREATE TABLE "ar_internal_metadata" ("key" character varying NOT NULL PRIMARY KEY, "value" character varying, "created_at" timestamp NOT NULL, "updated_at" timestamp NOT NULL)[0m
  ↳ bin/rails:9
  [1m[35m (40.2ms)[0m  [1m[34mSELECT pg_try_advisory_lock(5286629289131009610)[0m
  ↳ bin/rails:9
  [1m[35m (1.1ms)[0m  [1m[34mSELECT "schema_migrations"."version" FROM "schema_migrations" ORDER BY "schema_migrations"."version" ASC[0m
  ↳ bin/rails:9
Migrating to CreateTodos (20220505211823)
  [1m[35m (0.2ms)[0m  [1m[35mBEGIN[0m
  ↳ bin/rails:9
  [1m[35m (40.8ms)[0m  [1m[35mCREATE TABLE "todos" ("id" bigserial primary key, "title" character varying NOT NULL, "body" character varying NOT NULL, "done" boolean NOT NULL, "created_at" timestamp NOT NULL, "updated_at" timestamp NOT NULL)[0m
  ↳ db/migrate/20220505211823_create_todos.rb:3
  [1m[36mActiveRecord::SchemaMigration Create (2.4ms)[0m  [1m[32mINSERT INTO "schema_migrations" ("version") VALUES ($1) RETURNING "version"[0m  [["version", "20220505211823"]]
  ↳ bin/rails:9
  [1m[35m (1.2ms)[0m  [1m[35mCOMMIT[0m
  ↳ bin/rails:9
  [1m[36mActiveRecord::InternalMetadata Load (0.9ms)[0m  [1m[34mSELECT  "ar_internal_metadata".* FROM "ar_internal_metadata" WHERE "ar_internal_metadata"."key" = $1 LIMIT $2[0m  [["key", "environment"], ["LIMIT", 1]]
  ↳ bin/rails:9
  [1m[35m (0.2ms)[0m  [1m[35mBEGIN[0m
  ↳ bin/rails:9
  [1m[36mActiveRecord::InternalMetadata Create (0.5ms)[0m  [1m[32mINSERT INTO "ar_internal_metadata" ("key", "value", "created_at", "updated_at") VALUES ($1, $2, $3, $4) RETURNING "key"[0m  [["key", "environment"], ["value", "development"], ["created_at", "2022-05-05 21:24:24.372564"], ["updated_at", "2022-05-05 21:24:24.372564"]]
  ↳ bin/rails:9
  [1m[35m (0.4ms)[0m  [1m[35mCOMMIT[0m
  ↳ bin/rails:9
  [1m[35m (0.2ms)[0m  [1m[34mSELECT pg_advisory_unlock(5286629289131009610)[0m
  ↳ bin/rails:9
  [1m[35m (0.3ms)[0m  [1m[34mSELECT "schema_migrations"."version" FROM "schema_migrations" ORDER BY "schema_migrations"."version" ASC[0m
  ↳ bin/rails:9
  [1m[35m (0.2ms)[0m  [1m[35mBEGIN[0m
  [1m[36mTodo Create (42.0ms)[0m  [1m[32mINSERT INTO "todos" ("title", "body", "done", "created_at", "updated_at") VALUES ($1, $2, $3, $4, $5) RETURNING "id"[0m  [["title", "weeny"], ["body", "tickle it"], ["done", true], ["created_at", "2022-05-05 21:25:26.988915"], ["updated_at", "2022-05-05 21:25:26.988915"]]
  [1m[35m (43.5ms)[0m  [1m[35mCOMMIT[0m
  [1m[36mTodo Load (0.9ms)[0m  [1m[34mSELECT "todos".* FROM "todos"[0m
  [1m[35m (0.7ms)[0m  [1m[34mSELECT "schema_migrations"."version" FROM "schema_migrations" ORDER BY "schema_migrations"."version" ASC[0m
  ↳ bin/rails:9
  [1m[35m (0.3ms)[0m  [1m[35mBEGIN[0m
  ↳ db/seeds.rb:9
  [1m[36mTodo Create (0.9ms)[0m  [1m[32mINSERT INTO "todos" ("title", "body", "done", "created_at", "updated_at") VALUES ($1, $2, $3, $4, $5) RETURNING "id"[0m  [["title", "Hug"], ["body", "warmly embrace Gerald"], ["done", false], ["created_at", "2022-05-05 21:29:15.125872"], ["updated_at", "2022-05-05 21:29:15.125872"]]
  ↳ db/seeds.rb:9
  [1m[35m (0.6ms)[0m  [1m[35mCOMMIT[0m
  ↳ db/seeds.rb:9
  [1m[35m (0.1ms)[0m  [1m[35mBEGIN[0m
  ↳ db/seeds.rb:10
  [1m[36mTodo Create (0.3ms)[0m  [1m[32mINSERT INTO "todos" ("title", "body", "done", "created_at", "updated_at") VALUES ($1, $2, $3, $4, $5) RETURNING "id"[0m  [["title", "High Five"], ["body", "Luciously slap hands with a friend"], ["done", false], ["created_at", "2022-05-05 21:29:15.130056"], ["updated_at", "2022-05-05 21:29:15.130056"]]
  ↳ db/seeds.rb:10
  [1m[35m (0.4ms)[0m  [1m[35mCOMMIT[0m
  ↳ db/seeds.rb:10
  [1m[35m (0.1ms)[0m  [1m[35mBEGIN[0m
  ↳ db/seeds.rb:11
  [1m[36mTodo Create (0.3ms)[0m  [1m[32mINSERT INTO "todos" ("title", "body", "done", "created_at", "updated_at") VALUES ($1, $2, $3, $4, $5) RETURNING "id"[0m  [["title", "Meow"], ["body", "meow loudly in public"], ["done", false], ["created_at", "2022-05-05 21:29:15.132438"], ["updated_at", "2022-05-05 21:29:15.132438"]]
  ↳ db/seeds.rb:11
  [1m[35m (0.4ms)[0m  [1m[35mCOMMIT[0m
  ↳ db/seeds.rb:11
  [1m[36mTodo Load (1.1ms)[0m  [1m[34mSELECT "todos".* FROM "todos"[0m
  [1m[36mTodo Destroy (0.7ms)[0m  [1m[31mDELETE FROM "todos" WHERE "todos"."id" = $1[0m  [["id", nil]]
  [1m[36mTodo Load (1.1ms)[0m  [1m[34mSELECT "todos".* FROM "todos"[0m
  [1m[36mTodo Load (0.5ms)[0m  [1m[34mSELECT  "todos".* FROM "todos" WHERE "todos"."id" = $1 LIMIT $2[0m  [["id", nil], ["LIMIT", 1]]
  [1m[36mTodo Load (0.4ms)[0m  [1m[34mSELECT  "todos".* FROM "todos" WHERE "todos"."id" = $1 LIMIT $2[0m  [["id", nil], ["LIMIT", 1]]
  [1m[36mTodo Load (3.3ms)[0m  [1m[34mSELECT "todos".* FROM "todos"[0m
  [1m[35m (0.7ms)[0m  [1m[34mSELECT "schema_migrations"."version" FROM "schema_migrations" ORDER BY "schema_migrations"."version" ASC[0m
  ↳ bin/rails:9
  [1m[35m (0.7ms)[0m  [1m[34mSELECT "ar_internal_metadata"."value" FROM "ar_internal_metadata" WHERE "ar_internal_metadata"."key" = $1[0m  [["key", "environment"]]
  ↳ bin/rails:9
  [1m[35m (0.3ms)[0m  [1m[34mSELECT "schema_migrations"."version" FROM "schema_migrations" ORDER BY "schema_migrations"."version" ASC[0m
  ↳ bin/rails:9
  [1m[35m (0.3ms)[0m  [1m[34mSELECT "ar_internal_metadata"."value" FROM "ar_internal_metadata" WHERE "ar_internal_metadata"."key" = $1[0m  [["key", "environment"]]
  ↳ bin/rails:9
  [1m[35m (0.2ms)[0m  [1m[34mSELECT "schema_migrations"."version" FROM "schema_migrations" ORDER BY "schema_migrations"."version" ASC[0m
  ↳ bin/rails:9
  [1m[35m (0.3ms)[0m  [1m[34mSELECT "ar_internal_metadata"."value" FROM "ar_internal_metadata" WHERE "ar_internal_metadata"."key" = $1[0m  [["key", "environment"]]
  ↳ bin/rails:9
  [1m[35m (108.0ms)[0m  [1m[35mDROP DATABASE IF EXISTS "todos_development"[0m
  ↳ bin/rails:9
  [1m[35m (84.9ms)[0m  [1m[35mDROP DATABASE IF EXISTS "todos_test"[0m
  ↳ bin/rails:9
  [1m[35m (1105.6ms)[0m  [1m[35mCREATE DATABASE "todos_development" ENCODING = 'unicode'[0m
  ↳ bin/rails:9
  [1m[35m (1591.6ms)[0m  [1m[35mCREATE DATABASE "todos_test" ENCODING = 'unicode'[0m
  ↳ bin/rails:9
  [1m[35mSQL (0.5ms)[0m  [1m[35mCREATE EXTENSION IF NOT EXISTS "plpgsql"[0m
  ↳ db/schema.rb:16
  [1m[35m (1.6ms)[0m  [1m[35mDROP TABLE IF EXISTS "todos" CASCADE[0m
  ↳ db/schema.rb:18
  [1m[35m (64.7ms)[0m  [1m[35mCREATE TABLE "todos" ("id" bigserial primary key, "title" character varying NOT NULL, "body" character varying NOT NULL, "done" boolean NOT NULL, "created_at" timestamp NOT NULL, "updated_at" timestamp NOT NULL)[0m
  ↳ db/schema.rb:18
  [1m[35m (32.0ms)[0m  [1m[35mCREATE TABLE "schema_migrations" ("version" character varying NOT NULL PRIMARY KEY)[0m
  ↳ db/schema.rb:13
  [1m[35m (0.6ms)[0m  [1m[34mSELECT "schema_migrations"."version" FROM "schema_migrations" ORDER BY "schema_migrations"."version" ASC[0m
  ↳ db/schema.rb:13
  [1m[35m (1.1ms)[0m  [1m[32mINSERT INTO "schema_migrations" (version) VALUES (20220505211823)[0m
  ↳ db/schema.rb:13
  [1m[35m (33.4ms)[0m  [1m[35mCREATE TABLE "ar_internal_metadata" ("key" character varying NOT NULL PRIMARY KEY, "value" character varying, "created_at" timestamp NOT NULL, "updated_at" timestamp NOT NULL)[0m
  ↳ db/schema.rb:13
  [1m[36mActiveRecord::InternalMetadata Load (0.4ms)[0m  [1m[34mSELECT  "ar_internal_metadata".* FROM "ar_internal_metadata" WHERE "ar_internal_metadata"."key" = $1 LIMIT $2[0m  [["key", "environment"], ["LIMIT", 1]]
  ↳ db/schema.rb:13
  [1m[35m (0.1ms)[0m  [1m[35mBEGIN[0m
  ↳ db/schema.rb:13
  [1m[36mActiveRecord::InternalMetadata Create (0.7ms)[0m  [1m[32mINSERT INTO "ar_internal_metadata" ("key", "value", "created_at", "updated_at") VALUES ($1, $2, $3, $4) RETURNING "key"[0m  [["key", "environment"], ["value", "development"], ["created_at", "2022-05-05 21:33:32.870924"], ["updated_at", "2022-05-05 21:33:32.870924"]]
  ↳ db/schema.rb:13
  [1m[35m (0.5ms)[0m  [1m[35mCOMMIT[0m
  ↳ db/schema.rb:13
  [1m[36mActiveRecord::InternalMetadata Load (0.2ms)[0m  [1m[34mSELECT  "ar_internal_metadata".* FROM "ar_internal_metadata" WHERE "ar_internal_metadata"."key" = $1 LIMIT $2[0m  [["key", "environment"], ["LIMIT", 1]]
  ↳ bin/rails:9
  [1m[35m (0.1ms)[0m  [1m[35mBEGIN[0m
  ↳ bin/rails:9
  [1m[35m (0.2ms)[0m  [1m[35mCOMMIT[0m
  ↳ bin/rails:9
  [1m[35mSQL (0.4ms)[0m  [1m[35mCREATE EXTENSION IF NOT EXISTS "plpgsql"[0m
  ↳ db/schema.rb:16
  [1m[35m (2.5ms)[0m  [1m[35mDROP TABLE IF EXISTS "todos" CASCADE[0m
  ↳ db/schema.rb:18
  [1m[35m (8.2ms)[0m  [1m[35mCREATE TABLE "todos" ("id" bigserial primary key, "title" character varying NOT NULL, "body" character varying NOT NULL, "done" boolean NOT NULL, "created_at" timestamp NOT NULL, "updated_at" timestamp NOT NULL)[0m
  ↳ db/schema.rb:18
  [1m[35m (4.3ms)[0m  [1m[35mCREATE TABLE "schema_migrations" ("version" character varying NOT NULL PRIMARY KEY)[0m
  ↳ db/schema.rb:13
  [1m[35m (1.0ms)[0m  [1m[34mSELECT "schema_migrations"."version" FROM "schema_migrations" ORDER BY "schema_migrations"."version" ASC[0m
  ↳ db/schema.rb:13
  [1m[35m (1.0ms)[0m  [1m[32mINSERT INTO "schema_migrations" (version) VALUES (20220505211823)[0m
  ↳ db/schema.rb:13
  [1m[35m (3.2ms)[0m  [1m[35mCREATE TABLE "ar_internal_metadata" ("key" character varying NOT NULL PRIMARY KEY, "value" character varying, "created_at" timestamp NOT NULL, "updated_at" timestamp NOT NULL)[0m
  ↳ db/schema.rb:13
  [1m[36mActiveRecord::InternalMetadata Load (0.4ms)[0m  [1m[34mSELECT  "ar_internal_metadata".* FROM "ar_internal_metadata" WHERE "ar_internal_metadata"."key" = $1 LIMIT $2[0m  [["key", "environment"], ["LIMIT", 1]]
  ↳ db/schema.rb:13
  [1m[35m (1.6ms)[0m  [1m[35mBEGIN[0m
  ↳ db/schema.rb:13
  [1m[36mActiveRecord::InternalMetadata Create (0.6ms)[0m  [1m[32mINSERT INTO "ar_internal_metadata" ("key", "value", "created_at", "updated_at") VALUES ($1, $2, $3, $4) RETURNING "key"[0m  [["key", "environment"], ["value", "development"], ["created_at", "2022-05-05 21:33:32.989641"], ["updated_at", "2022-05-05 21:33:32.989641"]]
  ↳ db/schema.rb:13
  [1m[35m (0.4ms)[0m  [1m[35mCOMMIT[0m
  ↳ db/schema.rb:13
  [1m[36mActiveRecord::InternalMetadata Load (0.2ms)[0m  [1m[34mSELECT  "ar_internal_metadata".* FROM "ar_internal_metadata" WHERE "ar_internal_metadata"."key" = $1 LIMIT $2[0m  [["key", "environment"], ["LIMIT", 1]]
  ↳ bin/rails:9
  [1m[35m (0.1ms)[0m  [1m[35mBEGIN[0m
  ↳ bin/rails:9
  [1m[36mActiveRecord::InternalMetadata Update (0.4ms)[0m  [1m[33mUPDATE "ar_internal_metadata" SET "value" = $1, "updated_at" = $2 WHERE "ar_internal_metadata"."key" = $3[0m  [["value", "test"], ["updated_at", "2022-05-05 21:33:32.993630"], ["key", "environment"]]
  ↳ bin/rails:9
  [1m[35m (0.5ms)[0m  [1m[35mCOMMIT[0m
  ↳ bin/rails:9
  [1m[35m (0.8ms)[0m  [1m[34mSELECT "schema_migrations"."version" FROM "schema_migrations" ORDER BY "schema_migrations"."version" ASC[0m
  ↳ bin/rails:9
  [1m[35m (0.2ms)[0m  [1m[35mBEGIN[0m
  ↳ db/seeds.rb:9
  [1m[36mTodo Create (1.7ms)[0m  [1m[32mINSERT INTO "todos" ("title", "body", "done", "created_at", "updated_at") VALUES ($1, $2, $3, $4, $5) RETURNING "id"[0m  [["title", "Hug"], ["body", "warmly embrace Gerald"], ["done", false], ["created_at", "2022-05-05 21:33:33.035667"], ["updated_at", "2022-05-05 21:33:33.035667"]]
  ↳ db/seeds.rb:9
  [1m[35m (0.6ms)[0m  [1m[35mCOMMIT[0m
  ↳ db/seeds.rb:9
  [1m[35m (0.1ms)[0m  [1m[35mBEGIN[0m
  ↳ db/seeds.rb:10
  [1m[36mTodo Create (0.4ms)[0m  [1m[32mINSERT INTO "todos" ("title", "body", "done", "created_at", "updated_at") VALUES ($1, $2, $3, $4, $5) RETURNING "id"[0m  [["title", "High Five"], ["body", "Luciously slap hands with a friend"], ["done", false], ["created_at", "2022-05-05 21:33:33.041442"], ["updated_at", "2022-05-05 21:33:33.041442"]]
  ↳ db/seeds.rb:10
  [1m[35m (0.4ms)[0m  [1m[35mCOMMIT[0m
  ↳ db/seeds.rb:10
  [1m[35m (0.1ms)[0m  [1m[35mBEGIN[0m
  ↳ db/seeds.rb:11
  [1m[36mTodo Create (0.3ms)[0m  [1m[32mINSERT INTO "todos" ("title", "body", "done", "created_at", "updated_at") VALUES ($1, $2, $3, $4, $5) RETURNING "id"[0m  [["title", "Meow"], ["body", "meow loudly in public"], ["done", false], ["created_at", "2022-05-05 21:33:33.044114"], ["updated_at", "2022-05-05 21:33:33.044114"]]
  ↳ db/seeds.rb:11
  [1m[35m (0.3ms)[0m  [1m[35mCOMMIT[0m
  ↳ db/seeds.rb:11
  [1m[36mTodo Load (0.7ms)[0m  [1m[34mSELECT "todos".* FROM "todos"[0m
Started GET "/" for ::1 at 2022-05-05 14:46:38 -0700
  [1m[35m (0.7ms)[0m  [1m[34mSELECT "schema_migrations"."version" FROM "schema_migrations" ORDER BY "schema_migrations"."version" ASC[0m
  ↳ /Users/appacademy/.rbenv/versions/2.5.1/lib/ruby/gems/2.5.0/gems/activerecord-5.2.7.1/lib/active_record/log_subscriber.rb:98
Processing by StaticPagesController#root as HTML
  Rendering static_pages/root.html.erb within layouts/application
  Rendered static_pages/root.html.erb within layouts/application (30.4ms)
Completed 200 OK in 1079ms (Views: 1047.2ms | ActiveRecord: 0.0ms)


Started GET "/" for ::1 at 2022-05-05 14:47:14 -0700
Processing by StaticPagesController#root as HTML
  Rendering static_pages/root.html.erb within layouts/application
  Rendered static_pages/root.html.erb within layouts/application (1.0ms)
Completed 200 OK in 183ms (Views: 166.8ms | ActiveRecord: 0.0ms)


Started GET "/" for ::1 at 2022-05-05 14:48:11 -0700
Processing by StaticPagesController#root as HTML
  Rendering static_pages/root.html.erb within layouts/application
  Rendered static_pages/root.html.erb within layouts/application (0.5ms)
Completed 200 OK in 53ms (Views: 47.9ms | ActiveRecord: 0.0ms)


Started GET "/" for ::1 at 2022-05-05 15:02:31 -0700
Processing by StaticPagesController#root as HTML
  Rendering static_pages/root.html.erb within layouts/application
  Rendered static_pages/root.html.erb within layouts/application (0.5ms)
Completed 200 OK in 101ms (Views: 96.7ms | ActiveRecord: 0.0ms)


Started GET "/" for ::1 at 2022-05-05 15:02:33 -0700
Processing by StaticPagesController#root as HTML
  Rendering static_pages/root.html.erb within layouts/application
  Rendered static_pages/root.html.erb within layouts/application (0.4ms)
Completed 200 OK in 57ms (Views: 49.1ms | ActiveRecord: 0.0ms)


Started GET "/" for ::1 at 2022-05-05 15:04:57 -0700
Processing by StaticPagesController#root as HTML
  Rendering static_pages/root.html.erb within layouts/application
  Rendered static_pages/root.html.erb within layouts/application (0.6ms)
Started GET "/" for ::1 at 2022-05-05 15:04:58 -0700
Processing by StaticPagesController#root as HTML
  Rendering static_pages/root.html.erb within layouts/application
  Rendered static_pages/root.html.erb within layouts/application (1.1ms)
Completed 200 OK in 1069ms (Views: 1064.2ms | ActiveRecord: 0.0ms)


Completed 200 OK in 497ms (Views: 493.0ms | ActiveRecord: 0.0ms)


Started GET "/" for ::1 at 2022-05-05 15:05:59 -0700
Processing by StaticPagesController#root as HTML
  Rendering static_pages/root.html.erb within layouts/application
  Rendered static_pages/root.html.erb within layouts/application (1.2ms)
Completed 200 OK in 764ms (Views: 758.8ms | ActiveRecord: 0.0ms)


Started GET "/" for ::1 at 2022-05-05 15:06:00 -0700
Processing by StaticPagesController#root as HTML
  Rendering static_pages/root.html.erb within layouts/application
  Rendered static_pages/root.html.erb within layouts/application (0.4ms)
Completed 200 OK in 123ms (Views: 117.8ms | ActiveRecord: 0.0ms)


Started GET "/" for ::1 at 2022-05-05 15:06:10 -0700
Processing by StaticPagesController#root as HTML
  Rendering static_pages/root.html.erb within layouts/application
  Rendered static_pages/root.html.erb within layouts/application (0.5ms)
Completed 200 OK in 68ms (Views: 63.2ms | ActiveRecord: 0.0ms)


Started GET "/" for ::1 at 2022-05-05 15:06:11 -0700
Processing by StaticPagesController#root as HTML
  Rendering static_pages/root.html.erb within layouts/application
  Rendered static_pages/root.html.erb within layouts/application (2.1ms)
Completed 200 OK in 79ms (Views: 69.3ms | ActiveRecord: 0.0ms)


  
ActionController::RoutingError (No route matches [GET] "/assets/bundle.js-ad53ae4f1655078a2d68f8feb7ef7820abe82d2a6f3d397eb708ddaf63462ea0.map"):
  
actionpack (5.2.7.1) lib/action_dispatch/middleware/debug_exceptions.rb:65:in `call'
web-console (3.7.0) lib/web_console/middleware.rb:135:in `call_app'
web-console (3.7.0) lib/web_console/middleware.rb:30:in `block in call'
web-console (3.7.0) lib/web_console/middleware.rb:20:in `catch'
web-console (3.7.0) lib/web_console/middleware.rb:20:in `call'
actionpack (5.2.7.1) lib/action_dispatch/middleware/show_exceptions.rb:33:in `call'
railties (5.2.7.1) lib/rails/rack/logger.rb:38:in `call_app'
railties (5.2.7.1) lib/rails/rack/logger.rb:26:in `block in call'
activesupport (5.2.7.1) lib/active_support/tagged_logging.rb:71:in `block in tagged'
activesupport (5.2.7.1) lib/active_support/tagged_logging.rb:28:in `tagged'
activesupport (5.2.7.1) lib/active_support/tagged_logging.rb:71:in `tagged'
railties (5.2.7.1) lib/rails/rack/logger.rb:26:in `call'
sprockets-rails (3.4.2) lib/sprockets/rails/quiet_assets.rb:11:in `block in call'
activesupport (5.2.7.1) lib/active_support/logger_silence.rb:21:in `silence'
activesupport (5.2.7.1) lib/active_support/logger.rb:65:in `block (3 levels) in broadcast'
activesupport (5.2.7.1) lib/active_support/logger_silence.rb:21:in `silence'
activesupport (5.2.7.1) lib/active_support/logger.rb:63:in `block (2 levels) in broadcast'
sprockets-rails (3.4.2) lib/sprockets/rails/quiet_assets.rb:11:in `call'
actionpack (5.2.7.1) lib/action_dispatch/middleware/remote_ip.rb:81:in `call'
actionpack (5.2.7.1) lib/action_dispatch/middleware/request_id.rb:27:in `call'
rack (2.2.3) lib/rack/method_override.rb:24:in `call'
rack (2.2.3) lib/rack/runtime.rb:22:in `call'
activesupport (5.2.7.1) lib/active_support/cache/strategy/local_cache_middleware.rb:29:in `call'
actionpack (5.2.7.1) lib/action_dispatch/middleware/executor.rb:14:in `call'
actionpack (5.2.7.1) lib/action_dispatch/middleware/static.rb:127:in `call'
rack (2.2.3) lib/rack/sendfile.rb:110:in `call'
railties (5.2.7.1) lib/rails/engine.rb:524:in `call'
puma (3.12.6) lib/puma/configuration.rb:227:in `call'
puma (3.12.6) lib/puma/server.rb:706:in `handle_request'
puma (3.12.6) lib/puma/server.rb:476:in `process_client'
puma (3.12.6) lib/puma/server.rb:334:in `block in run'
puma (3.12.6) lib/puma/thread_pool.rb:135:in `block in spawn_thread'
Started GET "/" for ::1 at 2022-05-05 15:21:32 -0700
Processing by StaticPagesController#root as HTML
  Rendering static_pages/root.html.erb within layouts/application
  Rendered static_pages/root.html.erb within layouts/application (0.8ms)
Completed 200 OK in 505ms (Views: 495.6ms | ActiveRecord: 0.0ms)


Started GET "/api/todos" for ::1 at 2022-05-05 15:21:58 -0700
Processing by Api::TodosController#index as JSON
  [1m[36mTodo Load (54.3ms)[0m  [1m[34mSELECT "todos".* FROM "todos"[0m
  ↳ app/controllers/api/todos_controller.rb:8
Completed 200 OK in 88ms (Views: 11.7ms | ActiveRecord: 70.2ms)


Started GET "/api/todos" for ::1 at 2022-05-05 15:22:26 -0700
Processing by Api::TodosController#index as JSON
  [1m[36mTodo Load (11.0ms)[0m  [1m[34mSELECT "todos".* FROM "todos"[0m
  ↳ app/controllers/api/todos_controller.rb:8
Completed 200 OK in 14ms (Views: 3.1ms | ActiveRecord: 11.0ms)


Started GET "/api/todos" for ::1 at 2022-05-05 15:22:42 -0700
Processing by Api::TodosController#index as JSON
  [1m[36mTodo Load (5.7ms)[0m  [1m[34mSELECT "todos".* FROM "todos"[0m
  ↳ app/controllers/api/todos_controller.rb:8
Completed 200 OK in 8ms (Views: 2.2ms | ActiveRecord: 5.7ms)


Started GET "/" for ::1 at 2022-05-05 15:24:18 -0700
Processing by StaticPagesController#root as HTML
  Rendering static_pages/root.html.erb within layouts/application
  Rendered static_pages/root.html.erb within layouts/application (0.6ms)
Completed 200 OK in 44ms (Views: 38.2ms | ActiveRecord: 0.0ms)


Started GET "/" for ::1 at 2022-05-05 15:24:18 -0700
Processing by StaticPagesController#root as HTML
  Rendering static_pages/root.html.erb within layouts/application
  Rendered static_pages/root.html.erb within layouts/application (0.7ms)
Completed 200 OK in 61ms (Views: 53.3ms | ActiveRecord: 0.0ms)


Started GET "/" for ::1 at 2022-05-05 15:24:18 -0700
Processing by StaticPagesController#root as HTML
  Rendering static_pages/root.html.erb within layouts/application
  Rendered static_pages/root.html.erb within layouts/application (0.5ms)
Completed 200 OK in 51ms (Views: 43.1ms | ActiveRecord: 0.0ms)


Started GET "/api/todos" for ::1 at 2022-05-05 15:25:05 -0700
Processing by Api::TodosController#index as JSON
  [1m[36mTodo Load (13.4ms)[0m  [1m[34mSELECT "todos".* FROM "todos"[0m
  ↳ app/controllers/api/todos_controller.rb:8
Completed 200 OK in 16ms (Views: 2.1ms | ActiveRecord: 13.4ms)


Started GET "/" for ::1 at 2022-05-05 15:40:44 -0700
Processing by StaticPagesController#root as HTML
  Rendering static_pages/root.html.erb within layouts/application
  Rendered static_pages/root.html.erb within layouts/application (0.4ms)
Completed 200 OK in 580ms (Views: 575.4ms | ActiveRecord: 0.0ms)


Started GET "/" for ::1 at 2022-05-05 15:41:20 -0700
Processing by StaticPagesController#root as HTML
  Rendering static_pages/root.html.erb within layouts/application
  Rendered static_pages/root.html.erb within layouts/application (1.7ms)
Completed 200 OK in 658ms (Views: 637.0ms | ActiveRecord: 0.0ms)


Started GET "/" for ::1 at 2022-05-05 15:41:23 -0700
Processing by StaticPagesController#root as HTML
  Rendering static_pages/root.html.erb within layouts/application
  Rendered static_pages/root.html.erb within layouts/application (0.5ms)
Completed 200 OK in 105ms (Views: 101.4ms | ActiveRecord: 0.0ms)


Started GET "/" for ::1 at 2022-05-05 16:18:18 -0700
Processing by StaticPagesController#root as HTML
  Rendering static_pages/root.html.erb within layouts/application
  Rendered static_pages/root.html.erb within layouts/application (0.5ms)
Completed 200 OK in 567ms (Views: 562.4ms | ActiveRecord: 0.0ms)


Started GET "/api/todos" for ::1 at 2022-05-05 16:18:22 -0700
Processing by Api::TodosController#index as JSON
  [1m[36mTodo Load (9.2ms)[0m  [1m[34mSELECT "todos".* FROM "todos"[0m
  ↳ app/controllers/api/todos_controller.rb:8
Completed 200 OK in 12ms (Views: 2.9ms | ActiveRecord: 9.2ms)


Started GET "/" for ::1 at 2022-05-05 16:19:27 -0700
Processing by StaticPagesController#root as HTML
  Rendering static_pages/root.html.erb within layouts/application
  Rendered static_pages/root.html.erb within layouts/application (0.5ms)
Completed 200 OK in 47ms (Views: 43.3ms | ActiveRecord: 0.0ms)


Started GET "/api/todos" for ::1 at 2022-05-05 16:19:31 -0700
Processing by Api::TodosController#index as JSON
  [1m[36mTodo Load (9.8ms)[0m  [1m[34mSELECT "todos".* FROM "todos"[0m
  ↳ app/controllers/api/todos_controller.rb:8
Completed 200 OK in 13ms (Views: 2.7ms | ActiveRecord: 9.8ms)


Started GET "/" for ::1 at 2022-05-05 16:19:38 -0700
Processing by StaticPagesController#root as HTML
  Rendering static_pages/root.html.erb within layouts/application
  Rendered static_pages/root.html.erb within layouts/application (1.7ms)
Completed 200 OK in 64ms (Views: 58.6ms | ActiveRecord: 0.0ms)


Started GET "/api/todos" for ::1 at 2022-05-05 16:19:40 -0700
Processing by Api::TodosController#index as JSON
  [1m[36mTodo Load (5.3ms)[0m  [1m[34mSELECT "todos".* FROM "todos"[0m
  ↳ app/controllers/api/todos_controller.rb:8
Completed 200 OK in 8ms (Views: 2.8ms | ActiveRecord: 5.3ms)


Started GET "/" for ::1 at 2022-05-05 16:19:44 -0700
Processing by StaticPagesController#root as HTML
  Rendering static_pages/root.html.erb within layouts/application
  Rendered static_pages/root.html.erb within layouts/application (0.4ms)
Completed 200 OK in 45ms (Views: 41.3ms | ActiveRecord: 0.0ms)


Started GET "/" for ::1 at 2022-05-05 16:28:11 -0700
Processing by StaticPagesController#root as HTML
  Rendering static_pages/root.html.erb within layouts/application
  Rendered static_pages/root.html.erb within layouts/application (0.4ms)
Completed 200 OK in 597ms (Views: 590.1ms | ActiveRecord: 0.0ms)


Started GET "/api/todos" for ::1 at 2022-05-05 16:28:12 -0700
Processing by Api::TodosController#index as JSON
  [1m[36mTodo Load (1.7ms)[0m  [1m[34mSELECT "todos".* FROM "todos"[0m
  ↳ app/controllers/api/todos_controller.rb:8
Completed 200 OK in 4ms (Views: 2.5ms | ActiveRecord: 1.7ms)


Started GET "/" for ::1 at 2022-05-05 16:28:14 -0700
Processing by StaticPagesController#root as HTML
  Rendering static_pages/root.html.erb within layouts/application
  Rendered static_pages/root.html.erb within layouts/application (0.4ms)
Completed 200 OK in 65ms (Views: 60.2ms | ActiveRecord: 0.0ms)


Started GET "/api/todos" for ::1 at 2022-05-05 16:28:14 -0700
Processing by Api::TodosController#index as JSON
  [1m[36mTodo Load (42.2ms)[0m  [1m[34mSELECT "todos".* FROM "todos"[0m
  ↳ app/controllers/api/todos_controller.rb:8
Completed 200 OK in 47ms (Views: 4.5ms | ActiveRecord: 42.2ms)


Started GET "/" for ::1 at 2022-05-05 16:49:19 -0700
Processing by StaticPagesController#root as HTML
  Rendering static_pages/root.html.erb within layouts/application
  Rendered static_pages/root.html.erb within layouts/application (0.6ms)
Completed 200 OK in 723ms (Views: 716.9ms | ActiveRecord: 0.0ms)


Started GET "/" for ::1 at 2022-05-05 16:49:20 -0700
Processing by StaticPagesController#root as HTML
  Rendering static_pages/root.html.erb within layouts/application
  Rendered static_pages/root.html.erb within layouts/application (0.9ms)
Completed 200 OK in 98ms (Views: 95.1ms | ActiveRecord: 0.0ms)


Started GET "/api/todos" for ::1 at 2022-05-05 16:49:21 -0700
Processing by Api::TodosController#index as JSON
  [1m[36mTodo Load (63.1ms)[0m  [1m[34mSELECT "todos".* FROM "todos"[0m
  ↳ app/controllers/api/todos_controller.rb:8
Completed 200 OK in 66ms (Views: 2.7ms | ActiveRecord: 63.1ms)


Started POST "/api/todos" for ::1 at 2022-05-05 16:49:23 -0700
Processing by Api::TodosController#create as JSON
  Parameters: {"todo"=>{"title"=>"safg", "body"=>"sdf"}}
  [1m[35m (1.4ms)[0m  [1m[35mBEGIN[0m
  ↳ app/controllers/api/todos_controller.rb:13
  [1m[35m (0.2ms)[0m  [1m[31mROLLBACK[0m
  ↳ app/controllers/api/todos_controller.rb:13
Completed 422 Unprocessable Entity in 26ms (Views: 0.2ms | ActiveRecord: 1.6ms)


Started GET "/" for ::1 at 2022-05-05 16:51:47 -0700
Processing by StaticPagesController#root as HTML
  Rendering static_pages/root.html.erb within layouts/application
  Rendered static_pages/root.html.erb within layouts/application (0.5ms)
Completed 200 OK in 924ms (Views: 918.6ms | ActiveRecord: 0.0ms)


Started GET "/api/todos" for ::1 at 2022-05-05 16:51:48 -0700
Processing by Api::TodosController#index as JSON
  [1m[36mTodo Load (2.8ms)[0m  [1m[34mSELECT "todos".* FROM "todos"[0m
  ↳ app/controllers/api/todos_controller.rb:8
Completed 200 OK in 13ms (Views: 8.9ms | ActiveRecord: 2.8ms)


Started POST "/api/todos" for ::1 at 2022-05-05 16:51:51 -0700
Processing by Api::TodosController#create as JSON
  Parameters: {"todo"=>{"done"=>"false", "title"=>"asdg", "body"=>"asdf"}}
  [1m[35m (0.2ms)[0m  [1m[35mBEGIN[0m
  ↳ app/controllers/api/todos_controller.rb:13
  [1m[36mTodo Create (4.3ms)[0m  [1m[32mINSERT INTO "todos" ("title", "body", "done", "created_at", "updated_at") VALUES ($1, $2, $3, $4, $5) RETURNING "id"[0m  [["title", "asdg"], ["body", "asdf"], ["done", false], ["created_at", "2022-05-05 23:51:51.099922"], ["updated_at", "2022-05-05 23:51:51.099922"]]
  ↳ app/controllers/api/todos_controller.rb:13
  [1m[35m (2.6ms)[0m  [1m[35mCOMMIT[0m
  ↳ app/controllers/api/todos_controller.rb:13
Completed 200 OK in 14ms (Views: 0.6ms | ActiveRecord: 7.1ms)


Started GET "/" for ::1 at 2022-05-05 16:52:20 -0700
Processing by StaticPagesController#root as HTML
  Rendering static_pages/root.html.erb within layouts/application
  Rendered static_pages/root.html.erb within layouts/application (0.4ms)
Completed 200 OK in 612ms (Views: 605.2ms | ActiveRecord: 0.0ms)


Started GET "/api/todos" for ::1 at 2022-05-05 16:52:21 -0700
Processing by Api::TodosController#index as JSON
  [1m[36mTodo Load (0.5ms)[0m  [1m[34mSELECT "todos".* FROM "todos"[0m
  ↳ app/controllers/api/todos_controller.rb:8
Completed 200 OK in 9ms (Views: 8.3ms | ActiveRecord: 0.5ms)


Started POST "/api/todos" for ::1 at 2022-05-05 16:52:23 -0700
Processing by Api::TodosController#create as JSON
  Parameters: {"todo"=>{"done"=>"false", "title"=>"asdf", "body"=>"asdf"}}
  [1m[35m (1.6ms)[0m  [1m[35mBEGIN[0m
  ↳ app/controllers/api/todos_controller.rb:13
  [1m[36mTodo Create (1.1ms)[0m  [1m[32mINSERT INTO "todos" ("title", "body", "done", "created_at", "updated_at") VALUES ($1, $2, $3, $4, $5) RETURNING "id"[0m  [["title", "asdf"], ["body", "asdf"], ["done", false], ["created_at", "2022-05-05 23:52:23.218904"], ["updated_at", "2022-05-05 23:52:23.218904"]]
  ↳ app/controllers/api/todos_controller.rb:13
  [1m[35m (2.9ms)[0m  [1m[35mCOMMIT[0m
  ↳ app/controllers/api/todos_controller.rb:13
Completed 200 OK in 12ms (Views: 0.5ms | ActiveRecord: 5.6ms)


Started GET "/" for ::1 at 2022-05-05 16:52:33 -0700
Processing by StaticPagesController#root as HTML
  Rendering static_pages/root.html.erb within layouts/application
  Rendered static_pages/root.html.erb within layouts/application (1.6ms)
Completed 200 OK in 86ms (Views: 80.9ms | ActiveRecord: 0.0ms)


Started GET "/api/todos" for ::1 at 2022-05-05 16:52:33 -0700
Processing by Api::TodosController#index as JSON
  [1m[36mTodo Load (3.1ms)[0m  [1m[34mSELECT "todos".* FROM "todos"[0m
  ↳ app/controllers/api/todos_controller.rb:8
Completed 200 OK in 9ms (Views: 5.2ms | ActiveRecord: 3.1ms)


Started POST "/api/todos" for ::1 at 2022-05-05 16:52:35 -0700
Processing by Api::TodosController#create as JSON
  Parameters: {"todo"=>{"done"=>"false", "title"=>"asdf", "body"=>"asdf"}}
  [1m[35m (0.3ms)[0m  [1m[35mBEGIN[0m
  ↳ app/controllers/api/todos_controller.rb:13
  [1m[36mTodo Create (5.0ms)[0m  [1m[32mINSERT INTO "todos" ("title", "body", "done", "created_at", "updated_at") VALUES ($1, $2, $3, $4, $5) RETURNING "id"[0m  [["title", "asdf"], ["body", "asdf"], ["done", false], ["created_at", "2022-05-05 23:52:35.989308"], ["updated_at", "2022-05-05 23:52:35.989308"]]
  ↳ app/controllers/api/todos_controller.rb:13
  [1m[35m (3.1ms)[0m  [1m[35mCOMMIT[0m
  ↳ app/controllers/api/todos_controller.rb:13
Completed 200 OK in 13ms (Views: 0.8ms | ActiveRecord: 8.5ms)


Started GET "/" for ::1 at 2022-05-05 16:52:45 -0700
Processing by StaticPagesController#root as HTML
  Rendering static_pages/root.html.erb within layouts/application
  Rendered static_pages/root.html.erb within layouts/application (0.9ms)
Completed 200 OK in 660ms (Views: 653.0ms | ActiveRecord: 0.0ms)


Started GET "/" for ::1 at 2022-05-05 16:52:46 -0700
Processing by StaticPagesController#root as HTML
  Rendering static_pages/root.html.erb within layouts/application
  Rendered static_pages/root.html.erb within layouts/application (1.1ms)
Started GET "/api/todos" for ::1 at 2022-05-05 16:52:46 -0700
Completed 200 OK in 91ms (Views: 85.5ms | ActiveRecord: 0.0ms)


Processing by Api::TodosController#index as JSON
  [1m[36mTodo Load (18.9ms)[0m  [1m[34mSELECT "todos".* FROM "todos"[0m
  ↳ app/controllers/api/todos_controller.rb:8
Completed 200 OK in 23ms (Views: 3.9ms | ActiveRecord: 18.9ms)


Started GET "/api/todos" for ::1 at 2022-05-05 16:52:47 -0700
Processing by Api::TodosController#index as JSON
  [1m[36mTodo Load (17.0ms)[0m  [1m[34mSELECT "todos".* FROM "todos"[0m
  ↳ app/controllers/api/todos_controller.rb:8
Completed 200 OK in 21ms (Views: 3.8ms | ActiveRecord: 17.0ms)


Started POST "/api/todos" for ::1 at 2022-05-05 16:52:51 -0700
Processing by Api::TodosController#create as JSON
  Parameters: {"todo"=>{"done"=>"false", "title"=>"asdf", "body"=>"asdf"}}
  [1m[35m (0.8ms)[0m  [1m[35mBEGIN[0m
  ↳ app/controllers/api/todos_controller.rb:13
  [1m[36mTodo Create (0.9ms)[0m  [1m[32mINSERT INTO "todos" ("title", "body", "done", "created_at", "updated_at") VALUES ($1, $2, $3, $4, $5) RETURNING "id"[0m  [["title", "asdf"], ["body", "asdf"], ["done", false], ["created_at", "2022-05-05 23:52:51.036522"], ["updated_at", "2022-05-05 23:52:51.036522"]]
  ↳ app/controllers/api/todos_controller.rb:13
  [1m[35m (3.4ms)[0m  [1m[35mCOMMIT[0m
  ↳ app/controllers/api/todos_controller.rb:13
Completed 200 OK in 10ms (Views: 0.6ms | ActiveRecord: 5.2ms)


Started GET "/" for ::1 at 2022-05-05 16:54:55 -0700
Processing by StaticPagesController#root as HTML
  Rendering static_pages/root.html.erb within layouts/application
  Rendered static_pages/root.html.erb within layouts/application (1.1ms)
Completed 200 OK in 687ms (Views: 680.5ms | ActiveRecord: 0.0ms)


Started GET "/api/todos" for ::1 at 2022-05-05 16:54:56 -0700
Processing by Api::TodosController#index as JSON
  [1m[36mTodo Load (30.3ms)[0m  [1m[34mSELECT "todos".* FROM "todos"[0m
  ↳ app/controllers/api/todos_controller.rb:8
Completed 200 OK in 38ms (Views: 6.1ms | ActiveRecord: 30.3ms)


Started GET "/" for ::1 at 2022-05-05 16:56:01 -0700
Processing by StaticPagesController#root as HTML
  Rendering static_pages/root.html.erb within layouts/application
  Rendered static_pages/root.html.erb within layouts/application (0.8ms)
Completed 200 OK in 1222ms (Views: 1216.4ms | ActiveRecord: 0.0ms)


Started GET "/api/todos" for ::1 at 2022-05-05 16:56:04 -0700
Processing by Api::TodosController#index as JSON
  [1m[36mTodo Load (0.9ms)[0m  [1m[34mSELECT "todos".* FROM "todos"[0m
  ↳ app/controllers/api/todos_controller.rb:8
Completed 200 OK in 6ms (Views: 3.8ms | ActiveRecord: 0.9ms)


Started GET "/" for ::1 at 2022-05-05 16:56:13 -0700
Processing by StaticPagesController#root as HTML
  Rendering static_pages/root.html.erb within layouts/application
  Rendered static_pages/root.html.erb within layouts/application (0.6ms)
Completed 200 OK in 600ms (Views: 594.9ms | ActiveRecord: 0.0ms)


Started GET "/api/todos" for ::1 at 2022-05-05 16:56:14 -0700
Processing by Api::TodosController#index as JSON
  [1m[36mTodo Load (2.2ms)[0m  [1m[34mSELECT "todos".* FROM "todos"[0m
  ↳ app/controllers/api/todos_controller.rb:8
Completed 200 OK in 15ms (Views: 11.3ms | ActiveRecord: 2.2ms)


Started POST "/api/todos" for ::1 at 2022-05-05 16:56:26 -0700
Processing by Api::TodosController#create as JSON
  Parameters: {"todo"=>{"done"=>"false", "title"=>"seg", "body"=>"sefg"}}
  [1m[35m (1.5ms)[0m  [1m[35mBEGIN[0m
  ↳ app/controllers/api/todos_controller.rb:13
  [1m[36mTodo Create (1.8ms)[0m  [1m[32mINSERT INTO "todos" ("title", "body", "done", "created_at", "updated_at") VALUES ($1, $2, $3, $4, $5) RETURNING "id"[0m  [["title", "seg"], ["body", "sefg"], ["done", false], ["created_at", "2022-05-05 23:56:26.966452"], ["updated_at", "2022-05-05 23:56:26.966452"]]
  ↳ app/controllers/api/todos_controller.rb:13
  [1m[35m (3.1ms)[0m  [1m[35mCOMMIT[0m
  ↳ app/controllers/api/todos_controller.rb:13
Completed 200 OK in 11ms (Views: 0.4ms | ActiveRecord: 6.4ms)


Started GET "/" for ::1 at 2022-05-05 16:59:21 -0700
Processing by StaticPagesController#root as HTML
  Rendering static_pages/root.html.erb within layouts/application
  Rendered static_pages/root.html.erb within layouts/application (0.6ms)
Completed 200 OK in 611ms (Views: 604.4ms | ActiveRecord: 0.0ms)


Started GET "/api/todos" for ::1 at 2022-05-05 16:59:22 -0700
Processing by Api::TodosController#index as JSON
  [1m[36mTodo Load (0.9ms)[0m  [1m[34mSELECT "todos".* FROM "todos"[0m
  ↳ app/controllers/api/todos_controller.rb:8
Completed 200 OK in 6ms (Views: 5.1ms | ActiveRecord: 0.9ms)


Started POST "/api/todos" for ::1 at 2022-05-05 16:59:26 -0700
Processing by Api::TodosController#create as JSON
  Parameters: {"todo"=>{"done"=>"false", "title"=>"asdf", "body"=>"asdg"}}
  [1m[35m (1.5ms)[0m  [1m[35mBEGIN[0m
  ↳ app/controllers/api/todos_controller.rb:13
  [1m[36mTodo Create (1.7ms)[0m  [1m[32mINSERT INTO "todos" ("title", "body", "done", "created_at", "updated_at") VALUES ($1, $2, $3, $4, $5) RETURNING "id"[0m  [["title", "asdf"], ["body", "asdg"], ["done", false], ["created_at", "2022-05-05 23:59:26.600246"], ["updated_at", "2022-05-05 23:59:26.600246"]]
  ↳ app/controllers/api/todos_controller.rb:13
  [1m[35m (3.9ms)[0m  [1m[35mCOMMIT[0m
  ↳ app/controllers/api/todos_controller.rb:13
Completed 200 OK in 13ms (Views: 0.5ms | ActiveRecord: 7.1ms)


Started GET "/" for ::1 at 2022-05-05 17:00:40 -0700
Processing by StaticPagesController#root as HTML
  Rendering static_pages/root.html.erb within layouts/application
  Rendered static_pages/root.html.erb within layouts/application (0.5ms)
Completed 200 OK in 97ms (Views: 91.2ms | ActiveRecord: 0.0ms)


  
ActionController::RoutingError (No route matches [GET] "/assets/bundle.js-3a82a2e9f3e54b1e85135f964353eada10f716e14d0aa09ee4f16172e1ba4e7f.map"):
  
actionpack (5.2.7.1) lib/action_dispatch/middleware/debug_exceptions.rb:65:in `call'
web-console (3.7.0) lib/web_console/middleware.rb:135:in `call_app'
web-console (3.7.0) lib/web_console/middleware.rb:30:in `block in call'
web-console (3.7.0) lib/web_console/middleware.rb:20:in `catch'
web-console (3.7.0) lib/web_console/middleware.rb:20:in `call'
actionpack (5.2.7.1) lib/action_dispatch/middleware/show_exceptions.rb:33:in `call'
railties (5.2.7.1) lib/rails/rack/logger.rb:38:in `call_app'
railties (5.2.7.1) lib/rails/rack/logger.rb:26:in `block in call'
activesupport (5.2.7.1) lib/active_support/tagged_logging.rb:71:in `block in tagged'
activesupport (5.2.7.1) lib/active_support/tagged_logging.rb:28:in `tagged'
activesupport (5.2.7.1) lib/active_support/tagged_logging.rb:71:in `tagged'
railties (5.2.7.1) lib/rails/rack/logger.rb:26:in `call'
sprockets-rails (3.4.2) lib/sprockets/rails/quiet_assets.rb:11:in `block in call'
activesupport (5.2.7.1) lib/active_support/logger_silence.rb:21:in `silence'
activesupport (5.2.7.1) lib/active_support/logger.rb:65:in `block (3 levels) in broadcast'
activesupport (5.2.7.1) lib/active_support/logger_silence.rb:21:in `silence'
activesupport (5.2.7.1) lib/active_support/logger.rb:63:in `block (2 levels) in broadcast'
sprockets-rails (3.4.2) lib/sprockets/rails/quiet_assets.rb:11:in `call'
actionpack (5.2.7.1) lib/action_dispatch/middleware/remote_ip.rb:81:in `call'
actionpack (5.2.7.1) lib/action_dispatch/middleware/request_id.rb:27:in `call'
rack (2.2.3) lib/rack/method_override.rb:24:in `call'
rack (2.2.3) lib/rack/runtime.rb:22:in `call'
activesupport (5.2.7.1) lib/active_support/cache/strategy/local_cache_middleware.rb:29:in `call'
actionpack (5.2.7.1) lib/action_dispatch/middleware/executor.rb:14:in `call'
actionpack (5.2.7.1) lib/action_dispatch/middleware/static.rb:127:in `call'
rack (2.2.3) lib/rack/sendfile.rb:110:in `call'
railties (5.2.7.1) lib/rails/engine.rb:524:in `call'
puma (3.12.6) lib/puma/configuration.rb:227:in `call'
puma (3.12.6) lib/puma/server.rb:706:in `handle_request'
puma (3.12.6) lib/puma/server.rb:476:in `process_client'
puma (3.12.6) lib/puma/server.rb:334:in `block in run'
puma (3.12.6) lib/puma/thread_pool.rb:135:in `block in spawn_thread'
Started GET "/api/todos" for ::1 at 2022-05-05 17:00:41 -0700
Processing by Api::TodosController#index as JSON
  [1m[36mTodo Load (127.9ms)[0m  [1m[34mSELECT "todos".* FROM "todos"[0m
  ↳ app/controllers/api/todos_controller.rb:8
Completed 200 OK in 132ms (Views: 3.9ms | ActiveRecord: 127.9ms)


Started POST "/api/todos" for ::1 at 2022-05-05 17:00:42 -0700
Processing by Api::TodosController#create as JSON
  Parameters: {"todo"=>{"done"=>"false", "title"=>"asdf", "body"=>"asdfa"}}
  [1m[35m (0.5ms)[0m  [1m[35mBEGIN[0m
  ↳ app/controllers/api/todos_controller.rb:13
  [1m[36mTodo Create (10.3ms)[0m  [1m[32mINSERT INTO "todos" ("title", "body", "done", "created_at", "updated_at") VALUES ($1, $2, $3, $4, $5) RETURNING "id"[0m  [["title", "asdf"], ["body", "asdfa"], ["done", false], ["created_at", "2022-05-06 00:00:42.577500"], ["updated_at", "2022-05-06 00:00:42.577500"]]
  ↳ app/controllers/api/todos_controller.rb:13
  [1m[35m (105.7ms)[0m  [1m[35mCOMMIT[0m
  ↳ app/controllers/api/todos_controller.rb:13
Completed 200 OK in 121ms (Views: 0.5ms | ActiveRecord: 116.6ms)


Started GET "/" for ::1 at 2022-05-05 17:01:08 -0700
Processing by StaticPagesController#root as HTML
  Rendering static_pages/root.html.erb within layouts/application
  Rendered static_pages/root.html.erb within layouts/application (0.4ms)
Completed 200 OK in 504ms (Views: 491.1ms | ActiveRecord: 0.0ms)


Started GET "/api/todos" for ::1 at 2022-05-05 17:01:09 -0700
Processing by Api::TodosController#index as JSON
  [1m[36mTodo Load (25.0ms)[0m  [1m[34mSELECT "todos".* FROM "todos"[0m
  ↳ app/controllers/api/todos_controller.rb:8
Completed 200 OK in 30ms (Views: 5.0ms | ActiveRecord: 25.0ms)


Started POST "/api/todos" for ::1 at 2022-05-05 17:01:13 -0700
Processing by Api::TodosController#create as JSON
  Parameters: {"todo"=>{"done"=>"false", "title"=>"asdf", "body"=>"asdf"}}
  [1m[35m (0.8ms)[0m  [1m[35mBEGIN[0m
  ↳ app/controllers/api/todos_controller.rb:13
  [1m[36mTodo Create (1.8ms)[0m  [1m[32mINSERT INTO "todos" ("title", "body", "done", "created_at", "updated_at") VALUES ($1, $2, $3, $4, $5) RETURNING "id"[0m  [["title", "asdf"], ["body", "asdf"], ["done", false], ["created_at", "2022-05-06 00:01:13.660733"], ["updated_at", "2022-05-06 00:01:13.660733"]]
  ↳ app/controllers/api/todos_controller.rb:13
  [1m[35m (2.9ms)[0m  [1m[35mCOMMIT[0m
  ↳ app/controllers/api/todos_controller.rb:13
Completed 200 OK in 10ms (Views: 0.4ms | ActiveRecord: 5.5ms)


Started GET "/" for ::1 at 2022-05-05 17:02:29 -0700
Processing by StaticPagesController#root as HTML
  Rendering static_pages/root.html.erb within layouts/application
  Rendered static_pages/root.html.erb within layouts/application (0.7ms)
Completed 200 OK in 87ms (Views: 81.4ms | ActiveRecord: 0.0ms)


Started GET "/api/todos" for ::1 at 2022-05-05 17:02:30 -0700
Processing by Api::TodosController#index as JSON
  [1m[36mTodo Load (23.5ms)[0m  [1m[34mSELECT "todos".* FROM "todos"[0m
  ↳ app/controllers/api/todos_controller.rb:8
Completed 200 OK in 29ms (Views: 5.0ms | ActiveRecord: 23.5ms)


Started GET "/" for ::1 at 2022-05-05 17:02:39 -0700
Processing by StaticPagesController#root as HTML
  Rendering static_pages/root.html.erb within layouts/application
  Rendered static_pages/root.html.erb within layouts/application (0.4ms)
Completed 200 OK in 69ms (Views: 63.0ms | ActiveRecord: 0.0ms)


Started GET "/api/todos" for ::1 at 2022-05-05 17:02:40 -0700
Processing by Api::TodosController#index as JSON
  [1m[36mTodo Load (0.6ms)[0m  [1m[34mSELECT "todos".* FROM "todos"[0m
  ↳ app/controllers/api/todos_controller.rb:8
Completed 200 OK in 11ms (Views: 9.9ms | ActiveRecord: 0.6ms)


Started GET "/" for ::1 at 2022-05-05 17:03:16 -0700
Processing by StaticPagesController#root as HTML
  Rendering static_pages/root.html.erb within layouts/application
  Rendered static_pages/root.html.erb within layouts/application (0.7ms)
Completed 200 OK in 49ms (Views: 43.0ms | ActiveRecord: 0.0ms)


Started GET "/api/todos" for ::1 at 2022-05-05 17:03:16 -0700
Processing by Api::TodosController#index as JSON
  [1m[36mTodo Load (4.4ms)[0m  [1m[34mSELECT "todos".* FROM "todos"[0m
  ↳ app/controllers/api/todos_controller.rb:8
Completed 200 OK in 12ms (Views: 7.2ms | ActiveRecord: 4.4ms)


